TN:
SF:src/video-encoder/encodeSkip.ts
FN:14,normalizeEtag
FN:22,shouldSkipEncode
FNF:2
FNH:2
FNDA:3,normalizeEtag
FNDA:5,shouldSkipEncode
DA:1,1
DA:2,1
DA:3,1
DA:4,1
DA:5,1
DA:6,1
DA:7,1
DA:8,1
DA:9,1
DA:10,1
DA:11,1
DA:12,1
DA:13,1
DA:14,1
DA:15,1
DA:16,1
DA:17,1
DA:18,1
DA:19,1
DA:20,1
DA:21,1
DA:22,1
DA:23,5
DA:24,5
DA:25,5
DA:26,5
DA:27,5
DA:28,5
DA:29,5
DA:30,5
DA:31,5
DA:32,5
DA:33,1
LF:33
LH:33
BRDA:14,0,0,3
BRDA:15,1,0,2
BRDA:15,2,0,1
BRDA:22,3,0,5
BRDA:31,4,0,4
BRDA:32,5,0,3
BRF:6
BRH:6
end_of_record
